1720299248002	geckodriver	INFO	Listening on 127.0.0.1:52480
1720299251052	mozrunner::runner	INFO	Running command: "C:/Program Files/Mozilla Firefox/firefox.exe" "--marionette" "--remote-debugging-port" "52481" "--remote-allow-hosts" "localhost" "-no-remote" "-profile" "C:\\Users\\Risheek\\AppData\\Local\\Temp\\rust_mozprofilerjcoxx"
console.warn: services.settings: Ignoring preference override of remote settings server
console.warn: services.settings: Allow by setting MOZ_REMOTE_SETTINGS_DEVTOOLS=1 in the environment
Dynamically enable window occlusion 0
1720299251535	Marionette	INFO	Marionette enabled
1720299251674	Marionette	INFO	Listening on port 52488
WebDriver BiDi listening on ws://127.0.0.1:52481
Read port: 52488
1720299251974	RemoteAgent	WARN	TLS certificate errors will be ignored for this session
DevTools listening on ws://127.0.0.1:52481/devtools/browser/baa346ee-3796-4183-8ec8-2c0a8b071874
1720299271155	Marionette	INFO	Stopped listening on port 52488
Dynamically enable window occlusion 1
ng command: "C:\\Program Files\\Mozilla Firefox\\firefox.exe" "--marionette" "--remote-debugging-port" "52521" "--remote-allow-hosts" "localhost" "-no-remote" "-profile" "C:\\Users\\Risheek\\AppData\\Local\\Temp\\rust_mozprofileSC0pBr"
console.warn: services.settings: Ignoring preference override of remote settings server
console.warn: services.settings: Allow by setting MOZ_REMOTE_SETTINGS_DEVTOOLS=1 in the environment
Dynamically enable window occlusion 0
1720299266059	Marionette	INFO	Marionette enabled
1720299266204	Marionette	INFO	Listening on port 52528
WebDriver BiDi listening on ws://127.0.0.1:52521
Read port: 52528
1720299266498	RemoteAgent	WARN	TLS certificate errors will be ignored for this session
DevTools listening on ws://127.0.0.1:52521/devtools/browser/94fa9695-bea2-4d01-8256-c6f2809af5ca
console.error: CustomizableUI: 
  TypeError: aNode is null -- resource:///modules/CustomizableUI.sys.mjs:1715
console.error: CustomizableUI: 
  TypeError: aNode is null -- resource:///modules/CustomizableUI.sys.mjs:1715
console.error: CustomizableUI: 
  TypeError: aNode is null -- resource:///modules/CustomizableUI.sys.mjs:1715
1720299297024	addons.xpi	ERROR	System addon update list error SyntaxError: XMLHttpRequest.open: 'http://%(server)s/dummy-system-addons.xml' is not a valid URL.
1720299744809	Marionette	INFO	Stopped listening on port 52528
Dynamically enable window occlusion 1
ng command: "C:\\Program Files\\Mozilla Firefox\\firefox.exe" "--marionette" "--remote-debugging-port" "52585" "--remote-allow-hosts" "localhost" "-no-remote" "-profile" "C:\\Users\\Risheek\\AppData\\Local\\Temp\\rust_mozprofilef9F6Oe"
console.warn: services.settings: Ignoring preference override of remote settings server
console.warn: services.settings: Allow by setting MOZ_REMOTE_SETTINGS_DEVTOOLS=1 in the environment
Dynamically enable window occlusion 0
1720299346491	Marionette	INFO	Marionette enabled
1720299346676	Marionette	INFO	Listening on port 52592
WebDriver BiDi listening on ws://127.0.0.1:52585
Read port: 52592
1720299347098	RemoteAgent	WARN	TLS certificate errors will be ignored for this session
DevTools listening on ws://127.0.0.1:52585/devtools/browser/aceb08aa-a9c8-4ea7-88a9-42e457573057
console.error: CustomizableUI: 
  TypeError: aNode is null -- resource:///modules/CustomizableUI.sys.mjs:1715
console.error: CustomizableUI: 
  TypeError: aNode is null -- resource:///modules/CustomizableUI.sys.mjs:1715
console.error: CustomizableUI: 
  TypeError: aNode is null -- resource:///modules/CustomizableUI.sys.mjs:1715
1720299377295	addons.xpi	ERROR	System addon update list error SyntaxError: XMLHttpRequest.open: 'http://%(server)s/dummy-system-addons.xml' is not a valid URL.
1720299745737	Marionette	INFO	Stopped listening on port 52592
Dynamically enable window occlusion 1
